<?xml version="1.0" encoding="UTF-8"?>
<Site BuildName="(empty)"
	BuildStamp="20240822-1340-Experimental"
	Name="vedh"
	Generator="ctest-3.22.1"
	CompilerName="/usr/bin/c++"
	CompilerVersion="11.4.0"
	OSName="Linux"
	Hostname="vedh"
	OSRelease="6.8.0-40-generic"
	OSVersion="#40~22.04.3-Ubuntu SMP PREEMPT_DYNAMIC Tue Jul 30 17:30:19 UTC 2"
	OSPlatform="x86_64"
	Is64Bits="1"
	VendorString="GenuineIntel"
	VendorID="Intel Corporation"
	FamilyID="6"
	ModelID="141"
	ProcessorCacheSize="24576"
	NumberOfLogicalCPU="16"
	NumberOfPhysicalCPU="8"
	TotalVirtualMemory="2047"
	TotalPhysicalMemory="15768"
	LogicalProcessorsPerPhysical="2"
	ProcessorClockFrequency="4200"
	>
	<Testing>
		<StartDateTime>Aug 22 20:05 IST</StartDateTime>
		<StartTestTime>1724337350</StartTestTime>
		<TestList/>
		<EndDateTime>Aug 22 20:05 IST</EndDateTime>
		<EndTestTime>1724337350</EndTestTime>
		<ElapsedMinutes>0</ElapsedMinutes>
	</Testing>
</Site>
